<?xml version="1.0" encoding="UTF-8"?>
<!-- Generated by org.testng.reporters.JUnitReportReporter -->
<testsuite hostname="DESKTOP-U1BFEHF" failures="0" tests="1" name="teachmintassignmentprj.scripts.HomeTestScript" time="23.209" errors="0" timestamp="2024-04-24T10:25:57 IST" skipped="0">
  <testcase classname="teachmintassignmentprj.scripts.HomeTestScript" name="TC_HomeTS_001" time="23.209"/>
</testsuite> <!-- teachmintassignmentprj.scripts.HomeTestScript -->
