<?xml version="1.0" encoding="UTF-8"?>
<!-- Generated by org.testng.reporters.JUnitReportReporter -->
<testsuite hostname="DESKTOP-U1BFEHF" failures="0" tests="1" name="teachmintassignmentprj.scripts.LoginTestScript" time="9.400" errors="0" timestamp="2024-04-23T23:05:36 IST" skipped="0">
  <testcase classname="teachmintassignmentprj.scripts.LoginTestScript" name="TC_LoginTS_001" time="9.400"/>
</testsuite> <!-- teachmintassignmentprj.scripts.LoginTestScript -->
